# JRE version: OpenJDK Runtime Environment Temurin-21.0.9+10 (21.0.9+10) (build 21.0.9+10-LTS)
# Java VM: OpenJDK 64-Bit Server VM Temurin-21.0.9+10 (21.0.9+10-LTS, mixed mode, sharing, tiered, compressed oops, compressed class ptrs, parallel gc, windows-amd64)
GC Precious Log:
 CardTable entry size: 512
 CPUs: 6 total, 6 available
 Memory: 16332M
 Large Page Support: Disabled
 NUMA Support: Disabled
 Compressed Oops: Enabled (32-bit)
 Alignments: Space 512K, Generation 512K, Heap 2M
 Heap Min Capacity: 100M
 Heap Initial Capacity: 100M
 Heap Max Capacity: 2G
 Pre-touch: Disabled
 Parallel Workers: 6
Heap:
 PSYoungGen      total 23552K, used 8200K [0x00000000d5580000, 0x00000000d6f00000, 0x0000000100000000)
  eden space 22016K, 30% used [0x00000000d5580000,0x00000000d5c0a378,0x00000000d6b00000)
  from space 1536K, 97% used [0x00000000d6c00000,0x00000000d6d78000,0x00000000d6d80000)
  to   space 1536K, 0% used [0x00000000d6d80000,0x00000000d6d80000,0x00000000d6f00000)
 ParOldGen       total 68608K, used 22424K [0x0000000080000000, 0x0000000084300000, 0x00000000d5580000)
  object space 68608K, 32% used [0x0000000080000000,0x00000000815e63a8,0x0000000084300000)
 Metaspace       used 44066K, committed 45248K, reserved 1114112K
  class space    used 4812K, committed 5312K, reserved 1048576K
GC Heap History (20 events):
Event: 4.097 GC heap before
{Heap before GC invocations=10 (full 1):
 PSYoungGen      total 25088K, used 24865K [0x00000000d5580000, 0x00000000d7380000, 0x0000000100000000)
  eden space 24064K, 100% used [0x00000000d5580000,0x00000000d6d00000,0x00000000d6d00000)
  from space 1024K, 78% used [0x00000000d7280000,0x00000000d7348400,0x00000000d7380000)
  to   space 2560K, 0% used [0x00000000d6e80000,0x00000000d6e80000,0x00000000d7100000)
 ParOldGen       total 68608K, used 13369K [0x0000000080000000, 0x0000000084300000, 0x00000000d5580000)
  object space 68608K, 19% used [0x0000000080000000,0x0000000080d0e570,0x0000000084300000)
 Metaspace       used 26399K, committed 27264K, reserved 1114112K
  class space    used 2598K, committed 2944K, reserved 1048576K
}
Event: 4.098 GC heap after
{Heap after GC invocations=10 (full 1):
 PSYoungGen      total 25600K, used 1906K [0x00000000d5580000, 0x00000000d7300000, 0x0000000100000000)
  eden space 23552K, 0% used [0x00000000d5580000,0x00000000d5580000,0x00000000d6c80000)
  from space 2048K, 93% used [0x00000000d6e80000,0x00000000d705ca58,0x00000000d7080000)
  to   space 2560K, 0% used [0x00000000d7080000,0x00000000d7080000,0x00000000d7300000)
 ParOldGen       total 68608K, used 14158K [0x0000000080000000, 0x0000000084300000, 0x00000000d5580000)
  object space 68608K, 20% used [0x0000000080000000,0x0000000080dd3a80,0x0000000084300000)
 Metaspace       used 26399K, committed 27264K, reserved 1114112K
  class space    used 2598K, committed 2944K, reserved 1048576K
}
Event: 4.936 GC heap before
{Heap before GC invocations=11 (full 1):
 PSYoungGen      total 25600K, used 25458K [0x00000000d5580000, 0x00000000d7300000, 0x0000000100000000)
  eden space 23552K, 100% used [0x00000000d5580000,0x00000000d6c80000,0x00000000d6c80000)
  from space 2048K, 93% used [0x00000000d6e80000,0x00000000d705ca58,0x00000000d7080000)
  to   space 2560K, 0% used [0x00000000d7080000,0x00000000d7080000,0x00000000d7300000)
 ParOldGen       total 68608K, used 14158K [0x0000000080000000, 0x0000000084300000, 0x00000000d5580000)
  object space 68608K, 20% used [0x0000000080000000,0x0000000080dd3a80,0x0000000084300000)
 Metaspace       used 28064K, committed 28928K, reserved 1114112K
  class space    used 2750K, committed 3136K, reserved 1048576K
}
Event: 4.937 GC heap after
{Heap after GC invocations=11 (full 1):
 PSYoungGen      total 25600K, used 2385K [0x00000000d5580000, 0x00000000d7300000, 0x0000000100000000)
  eden space 23040K, 0% used [0x00000000d5580000,0x00000000d5580000,0x00000000d6c00000)
  from space 2560K, 93% used [0x00000000d7080000,0x00000000d72d4748,0x00000000d7300000)
  to   space 2560K, 0% used [0x00000000d6e00000,0x00000000d6e00000,0x00000000d7080000)
 ParOldGen       total 68608K, used 14848K [0x0000000080000000, 0x0000000084300000, 0x00000000d5580000)
  object space 68608K, 21% used [0x0000000080000000,0x0000000080e80280,0x0000000084300000)
 Metaspace       used 28064K, committed 28928K, reserved 1114112K
  class space    used 2750K, committed 3136K, reserved 1048576K
}
Event: 5.066 GC heap before
{Heap before GC invocations=12 (full 1):
 PSYoungGen      total 25600K, used 25425K [0x00000000d5580000, 0x00000000d7300000, 0x0000000100000000)
  eden space 23040K, 100% used [0x00000000d5580000,0x00000000d6c00000,0x00000000d6c00000)
  from space 2560K, 93% used [0x00000000d7080000,0x00000000d72d4748,0x00000000d7300000)
  to   space 2560K, 0% used [0x00000000d6e00000,0x00000000d6e00000,0x00000000d7080000)
 ParOldGen       total 68608K, used 14848K [0x0000000080000000, 0x0000000084300000, 0x00000000d5580000)
  object space 68608K, 21% used [0x0000000080000000,0x0000000080e80280,0x0000000084300000)
 Metaspace       used 31487K, committed 32448K, reserved 1114112K
  class space    used 3183K, committed 3584K, reserved 1048576K
}
Event: 5.069 GC heap after
{Heap after GC invocations=12 (full 1):
 PSYoungGen      total 24064K, used 1037K [0x00000000d5580000, 0x00000000d7100000, 0x0000000100000000)
  eden space 22528K, 0% used [0x00000000d5580000,0x00000000d5580000,0x00000000d6b80000)
  from space 1536K, 67% used [0x00000000d6e00000,0x00000000d6f03460,0x00000000d6f80000)
  to   space 1536K, 0% used [0x00000000d6f80000,0x00000000d6f80000,0x00000000d7100000)
 ParOldGen       total 68608K, used 17112K [0x0000000080000000, 0x0000000084300000, 0x00000000d5580000)
  object space 68608K, 24% used [0x0000000080000000,0x00000000810b6268,0x0000000084300000)
 Metaspace       used 31487K, committed 32448K, reserved 1114112K
  class space    used 3183K, committed 3584K, reserved 1048576K
}
Event: 5.205 GC heap before
{Heap before GC invocations=13 (full 1):
 PSYoungGen      total 24064K, used 23565K [0x00000000d5580000, 0x00000000d7100000, 0x0000000100000000)
  eden space 22528K, 100% used [0x00000000d5580000,0x00000000d6b80000,0x00000000d6b80000)
  from space 1536K, 67% used [0x00000000d6e00000,0x00000000d6f03460,0x00000000d6f80000)
  to   space 1536K, 0% used [0x00000000d6f80000,0x00000000d6f80000,0x00000000d7100000)
 ParOldGen       total 68608K, used 17112K [0x0000000080000000, 0x0000000084300000, 0x00000000d5580000)
  object space 68608K, 24% used [0x0000000080000000,0x00000000810b6268,0x0000000084300000)
 Metaspace       used 33445K, committed 34560K, reserved 1114112K
  class space    used 3436K, committed 3904K, reserved 1048576K
}
Event: 5.207 GC heap after
{Heap after GC invocations=13 (full 1):
 PSYoungGen      total 23040K, used 945K [0x00000000d5580000, 0x00000000d7080000, 0x0000000100000000)
  eden space 22016K, 0% used [0x00000000d5580000,0x00000000d5580000,0x00000000d6b00000)
  from space 1024K, 92% used [0x00000000d6f80000,0x00000000d706c588,0x00000000d7080000)
  to   space 1536K, 0% used [0x00000000d6d80000,0x00000000d6d80000,0x00000000d6f00000)
 ParOldGen       total 68608K, used 17977K [0x0000000080000000, 0x0000000084300000, 0x00000000d5580000)
  object space 68608K, 26% used [0x0000000080000000,0x000000008118e4f8,0x0000000084300000)
 Metaspace       used 33445K, committed 34560K, reserved 1114112K
  class space    used 3436K, committed 3904K, reserved 1048576K
}
Event: 5.489 GC heap before
{Heap before GC invocations=14 (full 1):
 PSYoungGen      total 23040K, used 13300K [0x00000000d5580000, 0x00000000d7080000, 0x0000000100000000)
  eden space 22016K, 56% used [0x00000000d5580000,0x00000000d6190cc8,0x00000000d6b00000)
  from space 1024K, 92% used [0x00000000d6f80000,0x00000000d706c588,0x00000000d7080000)
  to   space 1536K, 0% used [0x00000000d6d80000,0x00000000d6d80000,0x00000000d6f00000)
 ParOldGen       total 68608K, used 17977K [0x0000000080000000, 0x0000000084300000, 0x00000000d5580000)
  object space 68608K, 26% used [0x0000000080000000,0x000000008118e4f8,0x0000000084300000)
 Metaspace       used 34730K, committed 35840K, reserved 1114112K
  class space    used 3596K, committed 4096K, reserved 1048576K
}
Event: 5.491 GC heap after
{Heap after GC invocations=14 (full 1):
 PSYoungGen      total 23552K, used 557K [0x00000000d5580000, 0x00000000d7000000, 0x0000000100000000)
  eden space 22016K, 0% used [0x00000000d5580000,0x00000000d5580000,0x00000000d6b00000)
  from space 1536K, 36% used [0x00000000d6d80000,0x00000000d6e0b500,0x00000000d6f00000)
  to   space 1024K, 0% used [0x00000000d6f00000,0x00000000d6f00000,0x00000000d7000000)
 ParOldGen       total 68608K, used 18685K [0x0000000080000000, 0x0000000084300000, 0x00000000d5580000)
  object space 68608K, 27% used [0x0000000080000000,0x000000008123f700,0x0000000084300000)
 Metaspace       used 34730K, committed 35840K, reserved 1114112K
  class space    used 3596K, committed 4096K, reserved 1048576K
}
Event: 5.491 GC heap before
{Heap before GC invocations=15 (full 2):
 PSYoungGen      total 23552K, used 557K [0x00000000d5580000, 0x00000000d7000000, 0x0000000100000000)
  eden space 22016K, 0% used [0x00000000d5580000,0x00000000d5580000,0x00000000d6b00000)
  from space 1536K, 36% used [0x00000000d6d80000,0x00000000d6e0b500,0x00000000d6f00000)
  to   space 1024K, 0% used [0x00000000d6f00000,0x00000000d6f00000,0x00000000d7000000)
 ParOldGen       total 68608K, used 18685K [0x0000000080000000, 0x0000000084300000, 0x00000000d5580000)
  object space 68608K, 27% used [0x0000000080000000,0x000000008123f700,0x0000000084300000)
 Metaspace       used 34730K, committed 35840K, reserved 1114112K
  class space    used 3596K, committed 4096K, reserved 1048576K
}
Event: 5.514 GC heap after
{Heap after GC invocations=15 (full 2):
 PSYoungGen      total 23552K, used 0K [0x00000000d5580000, 0x00000000d7000000, 0x0000000100000000)
  eden space 22016K, 0% used [0x00000000d5580000,0x00000000d5580000,0x00000000d6b00000)
  from space 1536K, 0% used [0x00000000d6d80000,0x00000000d6d80000,0x00000000d6f00000)
  to   space 1024K, 0% used [0x00000000d6f00000,0x00000000d6f00000,0x00000000d7000000)
 ParOldGen       total 68608K, used 18418K [0x0000000080000000, 0x0000000084300000, 0x00000000d5580000)
  object space 68608K, 26% used [0x0000000080000000,0x00000000811fc890,0x0000000084300000)
 Metaspace       used 34730K, committed 35840K, reserved 1114112K
  class space    used 3596K, committed 4096K, reserved 1048576K
}
Event: 5.621 GC heap before
{Heap before GC invocations=16 (full 2):
 PSYoungGen      total 23552K, used 22016K [0x00000000d5580000, 0x00000000d7000000, 0x0000000100000000)
  eden space 22016K, 100% used [0x00000000d5580000,0x00000000d6b00000,0x00000000d6b00000)
  from space 1536K, 0% used [0x00000000d6d80000,0x00000000d6d80000,0x00000000d6f00000)
  to   space 1024K, 0% used [0x00000000d6f00000,0x00000000d6f00000,0x00000000d7000000)
 ParOldGen       total 68608K, used 18418K [0x0000000080000000, 0x0000000084300000, 0x00000000d5580000)
  object space 68608K, 26% used [0x0000000080000000,0x00000000811fc890,0x0000000084300000)
 Metaspace       used 36699K, committed 37888K, reserved 1114112K
  class space    used 3874K, committed 4352K, reserved 1048576K
}
Event: 5.622 GC heap after
{Heap after GC invocations=16 (full 2):
 PSYoungGen      total 23040K, used 992K [0x00000000d5580000, 0x00000000d7000000, 0x0000000100000000)
  eden space 22016K, 0% used [0x00000000d5580000,0x00000000d5580000,0x00000000d6b00000)
  from space 1024K, 96% used [0x00000000d6f00000,0x00000000d6ff81d0,0x00000000d7000000)
  to   space 1536K, 0% used [0x00000000d6d00000,0x00000000d6d00000,0x00000000d6e80000)
 ParOldGen       total 68608K, used 18767K [0x0000000080000000, 0x0000000084300000, 0x00000000d5580000)
  object space 68608K, 27% used [0x0000000080000000,0x0000000081253de0,0x0000000084300000)
 Metaspace       used 36699K, committed 37888K, reserved 1114112K
  class space    used 3874K, committed 4352K, reserved 1048576K
}
Event: 5.704 GC heap before
{Heap before GC invocations=17 (full 2):
 PSYoungGen      total 23040K, used 23008K [0x00000000d5580000, 0x00000000d7000000, 0x0000000100000000)
  eden space 22016K, 100% used [0x00000000d5580000,0x00000000d6b00000,0x00000000d6b00000)
  from space 1024K, 96% used [0x00000000d6f00000,0x00000000d6ff81d0,0x00000000d7000000)
  to   space 1536K, 0% used [0x00000000d6d00000,0x00000000d6d00000,0x00000000d6e80000)
 ParOldGen       total 68608K, used 18767K [0x0000000080000000, 0x0000000084300000, 0x00000000d5580000)
  object space 68608K, 27% used [0x0000000080000000,0x0000000081253de0,0x0000000084300000)
 Metaspace       used 38674K, committed 39872K, reserved 1114112K
  class space    used 4103K, committed 4608K, reserved 1048576K
}
Event: 5.706 GC heap after
{Heap after GC invocations=17 (full 2):
 PSYoungGen      total 23552K, used 1527K [0x00000000d5580000, 0x00000000d7200000, 0x0000000100000000)
  eden space 22016K, 0% used [0x00000000d5580000,0x00000000d5580000,0x00000000d6b00000)
  from space 1536K, 99% used [0x00000000d6d00000,0x00000000d6e7dcd8,0x00000000d6e80000)
  to   space 3584K, 0% used [0x00000000d6e80000,0x00000000d6e80000,0x00000000d7200000)
 ParOldGen       total 68608K, used 20244K [0x0000000080000000, 0x0000000084300000, 0x00000000d5580000)
  object space 68608K, 29% used [0x0000000080000000,0x00000000813c5398,0x0000000084300000)
 Metaspace       used 38674K, committed 39872K, reserved 1114112K
  class space    used 4103K, committed 4608K, reserved 1048576K
}
Event: 5.905 GC heap before
{Heap before GC invocations=18 (full 2):
 PSYoungGen      total 23552K, used 23543K [0x00000000d5580000, 0x00000000d7200000, 0x0000000100000000)
  eden space 22016K, 100% used [0x00000000d5580000,0x00000000d6b00000,0x00000000d6b00000)
  from space 1536K, 99% used [0x00000000d6d00000,0x00000000d6e7dcd8,0x00000000d6e80000)
  to   space 3584K, 0% used [0x00000000d6e80000,0x00000000d6e80000,0x00000000d7200000)
 ParOldGen       total 68608K, used 20244K [0x0000000080000000, 0x0000000084300000, 0x00000000d5580000)
  object space 68608K, 29% used [0x0000000080000000,0x00000000813c5398,0x0000000084300000)
 Metaspace       used 40853K, committed 42048K, reserved 1114112K
  class space    used 4388K, committed 4928K, reserved 1048576K
}
Event: 5.906 GC heap after
{Heap after GC invocations=18 (full 2):
 PSYoungGen      total 23552K, used 1120K [0x00000000d5580000, 0x00000000d7000000, 0x0000000100000000)
  eden space 22016K, 0% used [0x00000000d5580000,0x00000000d5580000,0x00000000d6b00000)
  from space 1536K, 72% used [0x00000000d6e80000,0x00000000d6f98000,0x00000000d7000000)
  to   space 2048K, 0% used [0x00000000d6c00000,0x00000000d6c00000,0x00000000d6e00000)
 ParOldGen       total 68608K, used 21468K [0x0000000080000000, 0x0000000084300000, 0x00000000d5580000)
  object space 68608K, 31% used [0x0000000080000000,0x00000000814f7398,0x0000000084300000)
 Metaspace       used 40853K, committed 42048K, reserved 1114112K
  class space    used 4388K, committed 4928K, reserved 1048576K
}
Event: 6.163 GC heap before
{Heap before GC invocations=19 (full 2):
 PSYoungGen      total 23552K, used 23136K [0x00000000d5580000, 0x00000000d7000000, 0x0000000100000000)
  eden space 22016K, 100% used [0x00000000d5580000,0x00000000d6b00000,0x00000000d6b00000)
  from space 1536K, 72% used [0x00000000d6e80000,0x00000000d6f98000,0x00000000d7000000)
  to   space 2048K, 0% used [0x00000000d6c00000,0x00000000d6c00000,0x00000000d6e00000)
 ParOldGen       total 68608K, used 21468K [0x0000000080000000, 0x0000000084300000, 0x00000000d5580000)
  object space 68608K, 31% used [0x0000000080000000,0x00000000814f7398,0x0000000084300000)
 Metaspace       used 43350K, committed 44544K, reserved 1114112K
  class space    used 4731K, committed 5248K, reserved 1048576K
}
Event: 6.165 GC heap after
{Heap after GC invocations=19 (full 2):
 PSYoungGen      total 23552K, used 1504K [0x00000000d5580000, 0x00000000d6f00000, 0x0000000100000000)
  eden space 22016K, 0% used [0x00000000d5580000,0x00000000d5580000,0x00000000d6b00000)
  from space 1536K, 97% used [0x00000000d6c00000,0x00000000d6d78000,0x00000000d6d80000)
  to   space 1536K, 0% used [0x00000000d6d80000,0x00000000d6d80000,0x00000000d6f00000)
 ParOldGen       total 68608K, used 22424K [0x0000000080000000, 0x0000000084300000, 0x00000000d5580000)
  object space 68608K, 32% used [0x0000000080000000,0x00000000815e63a8,0x0000000084300000)
 Metaspace       used 43350K, committed 44544K, reserved 1114112K
  class space    used 4731K, committed 5248K, reserved 1048576K
}

